[2022-07-11 13:46:25,744] [13684] [INFO] - myLog.print (myLog.py:42) -  main start
[2022-07-11 13:46:41,665] [13684] [INFO] - myLog.print (myLog.py:42) -  NULL DATA
[2022-07-11 13:46:46,727] [13684] [INFO] - myLog.print (myLog.py:42) -  NULL DATA
[2022-07-11 13:46:51,800] [13684] [INFO] - myLog.print (myLog.py:42) -  NULL DATA
[2022-07-11 13:46:56,859] [13684] [INFO] - myLog.print (myLog.py:42) -  NULL DATA
[2022-07-11 13:47:01,913] [13684] [INFO] - myLog.print (myLog.py:42) -  NULL DATA
[2022-07-11 13:47:06,969] [13684] [INFO] - myLog.print (myLog.py:42) -  NULL DATA
[2022-07-11 13:47:12,022] [13684] [INFO] - myLog.print (myLog.py:42) -  NULL DATA
[2022-07-11 13:47:17,254] [13684] [INFO] - myLog.print (myLog.py:42) -  NULL DATA
[2022-07-11 13:47:22,307] [13684] [INFO] - myLog.print (myLog.py:42) -  NULL DATA
[2022-07-11 13:47:27,366] [13684] [INFO] - myLog.print (myLog.py:42) -  NULL DATA
[2022-07-11 13:47:32,433] [13684] [INFO] - myLog.print (myLog.py:42) -  NULL DATA
[2022-07-11 13:47:37,485] [13684] [INFO] - myLog.print (myLog.py:42) -  NULL DATA
[2022-07-11 13:47:42,543] [13684] [INFO] - myLog.print (myLog.py:42) -  NULL DATA
[2022-07-11 13:47:47,614] [13684] [INFO] - myLog.print (myLog.py:42) -  NULL DATA
[2022-07-11 13:47:52,812] [13684] [INFO] - myLog.print (myLog.py:42) -  result: 9 -1 441801A11D s1OpVb02ujTGS80wzjDPNM4= NOK
[2022-07-11 13:47:54,011] [13684] [INFO] - myLog.print (myLog.py:42) -  result: 10 0 441801D11D s1OpVb02ujTGS80wzjDPNM4= OK
[2022-07-11 13:47:54,332] [13684] [INFO] - myLog.print (myLog.py:42) -  result: 11 1 422301A11D s1OpVb02ujTGS80wzjDPNM4= NOK
[2022-07-11 13:47:54,582] [13684] [INFO] - myLog.print (myLog.py:42) -  NULL DATA
[2022-07-11 13:47:59,654] [13684] [INFO] - myLog.print (myLog.py:42) -  NULL DATA
[2022-07-11 13:48:04,940] [13684] [INFO] - myLog.print (myLog.py:42) -  NULL DATA
[2022-07-11 13:48:10,122] [13684] [INFO] - myLog.print (myLog.py:42) -  NULL DATA
[2022-07-11 13:48:15,165] [13684] [INFO] - myLog.print (myLog.py:42) -  NULL DATA
[2022-07-11 13:48:20,220] [13684] [INFO] - myLog.print (myLog.py:42) -  NULL DATA
[2022-07-11 15:29:31,007] [3064] [INFO] - myLog.print (myLog.py:42) -  main start
[2022-07-11 15:29:37,976] [3064] [INFO] - myLog.print (myLog.py:42) -  result: 9 -1 441801A11D s1OpVb02ujTGS80wzjDPNM4= NOK
[2022-07-11 15:29:38,829] [3064] [INFO] - myLog.print (myLog.py:42) -  result: 10 0 441801D11D s1OpVb02ujTGS80wzjDPNM4= OK
[2022-07-11 15:29:39,290] [3064] [INFO] - myLog.print (myLog.py:42) -  result: 11 1 422301A11D s1OpVb02ujTGS80wzjDPNM4= NOK
[2022-07-11 15:29:39,592] [3064] [INFO] - myLog.print (myLog.py:42) -  NULL DATA
[2022-07-11 15:29:44,820] [3064] [INFO] - myLog.print (myLog.py:42) -  NULL DATA
[2022-07-11 15:29:49,886] [3064] [INFO] - myLog.print (myLog.py:42) -  NULL DATA
[2022-07-11 15:29:54,925] [3064] [INFO] - myLog.print (myLog.py:42) -  NULL DATA
[2022-07-11 15:29:59,974] [3064] [INFO] - myLog.print (myLog.py:42) -  NULL DATA
[2022-07-11 15:30:05,150] [3064] [INFO] - myLog.print (myLog.py:42) -  NULL DATA
[2022-07-11 15:30:10,418] [3064] [INFO] - myLog.print (myLog.py:42) -  NULL DATA
[2022-07-11 15:30:15,502] [3064] [INFO] - myLog.print (myLog.py:42) -  NULL DATA
[2022-07-11 15:30:20,547] [3064] [INFO] - myLog.print (myLog.py:42) -  NULL DATA
[2022-07-11 15:30:25,852] [3064] [INFO] - myLog.print (myLog.py:42) -  NULL DATA
[2022-07-11 15:30:30,921] [3064] [INFO] - myLog.print (myLog.py:42) -  NULL DATA
[2022-07-11 15:30:35,971] [3064] [INFO] - myLog.print (myLog.py:42) -  NULL DATA
[2022-07-11 15:30:41,036] [3064] [INFO] - myLog.print (myLog.py:42) -  NULL DATA
[2022-07-11 15:30:46,085] [3064] [INFO] - myLog.print (myLog.py:42) -  NULL DATA
[2022-07-11 15:30:51,124] [3064] [INFO] - myLog.print (myLog.py:42) -  NULL DATA
[2022-07-11 15:30:56,581] [3064] [INFO] - myLog.print (myLog.py:42) -  result: 9 -1 441801A11D s1OpVb02ujTGS80wzjDPNM4= NOK
[2022-07-11 15:30:56,977] [3064] [INFO] - myLog.print (myLog.py:42) -  result: 10 0 441801D11D s1OpVb02ujTGS80wzjDPNM4= OK
[2022-07-11 15:30:57,271] [3064] [INFO] - myLog.print (myLog.py:42) -  result: 11 1 422301A11D s1OpVb02ujTGS80wzjDPNM4= NOK
[2022-07-11 15:30:57,464] [3064] [INFO] - myLog.print (myLog.py:42) -  NULL DATA
[2022-07-11 15:31:02,539] [3064] [INFO] - myLog.print (myLog.py:42) -  NULL DATA
[2022-07-11 15:31:07,599] [3064] [INFO] - myLog.print (myLog.py:42) -  NULL DATA
[2022-07-11 15:31:12,665] [3064] [INFO] - myLog.print (myLog.py:42) -  NULL DATA
[2022-07-11 15:31:17,716] [3064] [INFO] - myLog.print (myLog.py:42) -  NULL DATA
[2022-07-11 15:31:22,769] [3064] [INFO] - myLog.print (myLog.py:42) -  NULL DATA
[2022-07-11 15:31:27,826] [3064] [INFO] - myLog.print (myLog.py:42) -  NULL DATA
[2022-07-11 15:31:32,870] [3064] [INFO] - myLog.print (myLog.py:42) -  NULL DATA
[2022-07-11 15:31:37,932] [3064] [INFO] - myLog.print (myLog.py:42) -  NULL DATA
[2022-07-11 15:31:42,981] [3064] [INFO] - myLog.print (myLog.py:42) -  NULL DATA
[2022-07-11 15:31:48,044] [3064] [INFO] - myLog.print (myLog.py:42) -  NULL DATA
[2022-07-11 15:31:53,093] [3064] [INFO] - myLog.print (myLog.py:42) -  NULL DATA
[2022-07-11 15:31:58,170] [3064] [INFO] - myLog.print (myLog.py:42) -  NULL DATA
[2022-07-11 15:32:03,230] [3064] [INFO] - myLog.print (myLog.py:42) -  NULL DATA
[2022-07-11 15:32:08,327] [3064] [INFO] - myLog.print (myLog.py:42) -  NULL DATA
[2022-07-11 15:32:13,382] [3064] [INFO] - myLog.print (myLog.py:42) -  NULL DATA
[2022-07-11 15:32:18,668] [3064] [INFO] - myLog.print (myLog.py:42) -  NULL DATA
[2022-07-11 15:32:24,186] [3064] [INFO] - myLog.print (myLog.py:42) -  NULL DATA
[2022-07-11 15:32:29,538] [3064] [INFO] - myLog.print (myLog.py:42) -  NULL DATA
[2022-07-11 15:32:34,583] [3064] [INFO] - myLog.print (myLog.py:42) -  NULL DATA
[2022-07-11 15:32:39,637] [3064] [INFO] - myLog.print (myLog.py:42) -  NULL DATA
[2022-07-11 15:32:44,943] [3064] [INFO] - myLog.print (myLog.py:42) -  NULL DATA
[2022-07-11 15:32:50,049] [3064] [INFO] - myLog.print (myLog.py:42) -  NULL DATA
[2022-07-11 15:32:55,107] [3064] [INFO] - myLog.print (myLog.py:42) -  NULL DATA
[2022-07-11 15:33:00,160] [3064] [INFO] - myLog.print (myLog.py:42) -  NULL DATA
[2022-07-11 15:33:05,225] [3064] [INFO] - myLog.print (myLog.py:42) -  NULL DATA
[2022-07-11 15:33:10,279] [3064] [INFO] - myLog.print (myLog.py:42) -  NULL DATA
[2022-07-11 15:33:15,348] [3064] [INFO] - myLog.print (myLog.py:42) -  NULL DATA
[2022-07-11 15:33:20,407] [3064] [INFO] - myLog.print (myLog.py:42) -  NULL DATA
[2022-07-11 15:33:25,496] [3064] [INFO] - myLog.print (myLog.py:42) -  NULL DATA
[2022-07-11 15:33:30,598] [3064] [INFO] - myLog.print (myLog.py:42) -  NULL DATA
[2022-07-11 15:33:35,749] [3064] [INFO] - myLog.print (myLog.py:42) -  NULL DATA
[2022-07-11 15:33:40,806] [3064] [INFO] - myLog.print (myLog.py:42) -  NULL DATA
[2022-07-11 15:33:45,861] [3064] [INFO] - myLog.print (myLog.py:42) -  NULL DATA
[2022-07-11 15:33:50,901] [3064] [INFO] - myLog.print (myLog.py:42) -  NULL DATA
[2022-07-11 15:33:56,078] [3064] [INFO] - myLog.print (myLog.py:42) -  NULL DATA
[2022-07-11 15:34:01,116] [3064] [INFO] - myLog.print (myLog.py:42) -  NULL DATA
[2022-07-11 15:34:06,224] [3064] [INFO] - myLog.print (myLog.py:42) -  NULL DATA
[2022-07-11 15:34:11,276] [3064] [INFO] - myLog.print (myLog.py:42) -  NULL DATA
[2022-07-11 15:34:16,330] [3064] [INFO] - myLog.print (myLog.py:42) -  NULL DATA
[2022-07-11 15:34:21,406] [3064] [INFO] - myLog.print (myLog.py:42) -  NULL DATA
[2022-07-11 15:34:26,574] [3064] [INFO] - myLog.print (myLog.py:42) -  NULL DATA
[2022-07-11 15:34:31,647] [3064] [INFO] - myLog.print (myLog.py:42) -  NULL DATA
[2022-07-11 15:34:37,132] [3064] [INFO] - myLog.print (myLog.py:42) -  NULL DATA
[2022-07-11 15:34:42,518] [3064] [INFO] - myLog.print (myLog.py:42) -  NULL DATA
[2022-07-11 15:34:47,996] [3064] [INFO] - myLog.print (myLog.py:42) -  NULL DATA
[2022-07-11 15:34:53,215] [3064] [INFO] - myLog.print (myLog.py:42) -  NULL DATA
[2022-07-11 15:34:58,283] [3064] [INFO] - myLog.print (myLog.py:42) -  NULL DATA
[2022-07-11 15:35:03,593] [3064] [INFO] - myLog.print (myLog.py:42) -  NULL DATA
[2022-07-11 15:35:08,654] [3064] [INFO] - myLog.print (myLog.py:42) -  NULL DATA
[2022-07-11 15:35:13,704] [3064] [INFO] - myLog.print (myLog.py:42) -  NULL DATA
[2022-07-11 15:35:18,776] [3064] [INFO] - myLog.print (myLog.py:42) -  NULL DATA
[2022-07-11 15:35:24,455] [3064] [INFO] - myLog.print (myLog.py:42) -  NULL DATA
[2022-07-11 15:35:29,641] [3064] [INFO] - myLog.print (myLog.py:42) -  NULL DATA
[2022-07-11 15:35:35,995] [3064] [INFO] - myLog.print (myLog.py:42) -  NULL DATA
[2022-07-11 15:35:41,517] [3064] [INFO] - myLog.print (myLog.py:42) -  NULL DATA
[2022-07-11 15:35:46,568] [3064] [INFO] - myLog.print (myLog.py:42) -  NULL DATA
[2022-07-11 15:35:51,768] [3064] [INFO] - myLog.print (myLog.py:42) -  NULL DATA
[2022-07-11 15:35:56,846] [3064] [INFO] - myLog.print (myLog.py:42) -  NULL DATA
[2022-07-11 15:36:01,904] [3064] [INFO] - myLog.print (myLog.py:42) -  NULL DATA
[2022-07-11 15:36:06,967] [3064] [INFO] - myLog.print (myLog.py:42) -  NULL DATA
[2022-07-11 15:36:12,051] [3064] [INFO] - myLog.print (myLog.py:42) -  NULL DATA
[2022-07-11 15:36:17,100] [3064] [INFO] - myLog.print (myLog.py:42) -  NULL DATA
[2022-07-11 15:36:22,142] [3064] [INFO] - myLog.print (myLog.py:42) -  NULL DATA
[2022-07-11 15:36:27,190] [3064] [INFO] - myLog.print (myLog.py:42) -  NULL DATA
[2022-07-11 15:36:32,287] [3064] [INFO] - myLog.print (myLog.py:42) -  NULL DATA
[2022-07-11 15:36:37,342] [3064] [INFO] - myLog.print (myLog.py:42) -  NULL DATA
[2022-07-11 15:36:42,399] [3064] [INFO] - myLog.print (myLog.py:42) -  NULL DATA
[2022-07-11 15:36:47,444] [3064] [INFO] - myLog.print (myLog.py:42) -  NULL DATA
[2022-07-11 15:36:52,497] [3064] [INFO] - myLog.print (myLog.py:42) -  NULL DATA
[2022-07-11 15:36:57,545] [3064] [INFO] - myLog.print (myLog.py:42) -  NULL DATA
[2022-07-11 15:37:02,594] [3064] [INFO] - myLog.print (myLog.py:42) -  NULL DATA
[2022-07-11 15:37:07,771] [3064] [INFO] - myLog.print (myLog.py:42) -  NULL DATA
[2022-07-11 15:37:12,809] [3064] [INFO] - myLog.print (myLog.py:42) -  NULL DATA
[2022-07-11 15:37:17,858] [3064] [INFO] - myLog.print (myLog.py:42) -  NULL DATA
[2022-07-11 15:37:22,956] [3064] [INFO] - myLog.print (myLog.py:42) -  NULL DATA
[2022-07-11 15:37:28,032] [3064] [INFO] - myLog.print (myLog.py:42) -  NULL DATA
[2022-07-11 15:37:33,083] [3064] [INFO] - myLog.print (myLog.py:42) -  NULL DATA
[2022-07-11 15:37:38,148] [3064] [INFO] - myLog.print (myLog.py:42) -  NULL DATA
[2022-07-11 15:37:43,220] [3064] [INFO] - myLog.print (myLog.py:42) -  NULL DATA
[2022-07-11 15:37:48,274] [3064] [INFO] - myLog.print (myLog.py:42) -  NULL DATA
[2022-07-11 15:37:53,327] [3064] [INFO] - myLog.print (myLog.py:42) -  NULL DATA
[2022-07-11 15:37:58,375] [3064] [INFO] - myLog.print (myLog.py:42) -  NULL DATA
[2022-07-11 15:38:03,439] [3064] [INFO] - myLog.print (myLog.py:42) -  NULL DATA
[2022-07-11 15:38:08,513] [3064] [INFO] - myLog.print (myLog.py:42) -  NULL DATA
[2022-07-11 15:38:13,577] [3064] [INFO] - myLog.print (myLog.py:42) -  NULL DATA
[2022-07-11 15:38:18,630] [3064] [INFO] - myLog.print (myLog.py:42) -  NULL DATA
[2022-07-11 15:38:23,697] [3064] [INFO] - myLog.print (myLog.py:42) -  NULL DATA
[2022-07-11 15:38:28,739] [3064] [INFO] - myLog.print (myLog.py:42) -  NULL DATA
[2022-07-11 15:38:33,784] [3064] [INFO] - myLog.print (myLog.py:42) -  NULL DATA
[2022-07-11 15:38:38,857] [3064] [INFO] - myLog.print (myLog.py:42) -  NULL DATA
[2022-07-11 15:38:43,940] [3064] [INFO] - myLog.print (myLog.py:42) -  NULL DATA
[2022-07-11 15:38:48,993] [3064] [INFO] - myLog.print (myLog.py:42) -  NULL DATA
[2022-07-11 15:38:54,057] [3064] [INFO] - myLog.print (myLog.py:42) -  NULL DATA
[2022-07-11 15:38:59,106] [3064] [INFO] - myLog.print (myLog.py:42) -  NULL DATA
[2022-07-11 15:39:04,172] [3064] [INFO] - myLog.print (myLog.py:42) -  NULL DATA
[2022-07-11 15:39:09,226] [3064] [INFO] - myLog.print (myLog.py:42) -  NULL DATA
[2022-07-11 15:39:14,266] [3064] [INFO] - myLog.print (myLog.py:42) -  NULL DATA
[2022-07-11 15:39:19,322] [3064] [INFO] - myLog.print (myLog.py:42) -  NULL DATA
[2022-07-11 15:39:24,398] [3064] [INFO] - myLog.print (myLog.py:42) -  NULL DATA
[2022-07-11 15:39:29,448] [3064] [INFO] - myLog.print (myLog.py:42) -  NULL DATA
[2022-07-11 15:39:34,506] [3064] [INFO] - myLog.print (myLog.py:42) -  NULL DATA
[2022-07-11 15:39:39,594] [3064] [INFO] - myLog.print (myLog.py:42) -  NULL DATA
[2022-07-11 15:39:44,667] [3064] [INFO] - myLog.print (myLog.py:42) -  NULL DATA
[2022-07-11 15:39:49,743] [3064] [INFO] - myLog.print (myLog.py:42) -  NULL DATA
[2022-07-11 15:39:54,802] [3064] [INFO] - myLog.print (myLog.py:42) -  NULL DATA
[2022-07-11 15:39:59,899] [3064] [INFO] - myLog.print (myLog.py:42) -  NULL DATA
[2022-07-11 15:40:04,988] [3064] [INFO] - myLog.print (myLog.py:42) -  NULL DATA
[2022-07-11 15:40:10,065] [3064] [INFO] - myLog.print (myLog.py:42) -  NULL DATA
[2022-07-11 15:40:15,122] [3064] [INFO] - myLog.print (myLog.py:42) -  NULL DATA
[2022-07-11 15:40:20,261] [3064] [INFO] - myLog.print (myLog.py:42) -  NULL DATA
[2022-07-11 15:40:25,341] [3064] [INFO] - myLog.print (myLog.py:42) -  NULL DATA
[2022-07-11 15:40:30,398] [3064] [INFO] - myLog.print (myLog.py:42) -  NULL DATA
[2022-07-11 15:40:35,460] [3064] [INFO] - myLog.print (myLog.py:42) -  NULL DATA
[2022-07-11 15:40:40,511] [3064] [INFO] - myLog.print (myLog.py:42) -  NULL DATA
[2022-07-11 15:40:45,554] [3064] [INFO] - myLog.print (myLog.py:42) -  NULL DATA
[2022-07-11 15:40:50,640] [3064] [INFO] - myLog.print (myLog.py:42) -  NULL DATA
[2022-07-11 15:40:55,687] [3064] [INFO] - myLog.print (myLog.py:42) -  NULL DATA
[2022-07-11 15:41:00,745] [3064] [INFO] - myLog.print (myLog.py:42) -  NULL DATA
[2022-07-11 15:41:05,796] [3064] [INFO] - myLog.print (myLog.py:42) -  NULL DATA
[2022-07-11 15:41:10,842] [3064] [INFO] - myLog.print (myLog.py:42) -  NULL DATA
[2022-07-11 15:41:15,920] [3064] [INFO] - myLog.print (myLog.py:42) -  NULL DATA
[2022-07-11 15:41:20,981] [3064] [INFO] - myLog.print (myLog.py:42) -  NULL DATA
[2022-07-11 15:41:26,049] [3064] [INFO] - myLog.print (myLog.py:42) -  NULL DATA
[2022-07-11 15:41:31,239] [3064] [INFO] - myLog.print (myLog.py:42) -  NULL DATA
[2022-07-11 15:41:36,289] [3064] [INFO] - myLog.print (myLog.py:42) -  NULL DATA
[2022-07-11 15:41:41,385] [3064] [INFO] - myLog.print (myLog.py:42) -  NULL DATA
[2022-07-11 15:41:46,429] [3064] [INFO] - myLog.print (myLog.py:42) -  NULL DATA
[2022-07-11 15:41:51,532] [3064] [INFO] - myLog.print (myLog.py:42) -  NULL DATA
[2022-07-11 15:41:56,577] [3064] [INFO] - myLog.print (myLog.py:42) -  NULL DATA
[2022-07-11 15:42:01,624] [3064] [INFO] - myLog.print (myLog.py:42) -  NULL DATA
[2022-07-11 15:42:06,672] [3064] [INFO] - myLog.print (myLog.py:42) -  NULL DATA
[2022-07-11 15:42:11,723] [3064] [INFO] - myLog.print (myLog.py:42) -  NULL DATA
[2022-07-11 15:42:16,791] [3064] [INFO] - myLog.print (myLog.py:42) -  NULL DATA
[2022-07-11 15:42:21,835] [3064] [INFO] - myLog.print (myLog.py:42) -  NULL DATA
[2022-07-11 15:42:26,901] [3064] [INFO] - myLog.print (myLog.py:42) -  NULL DATA
[2022-07-11 15:42:32,004] [3064] [INFO] - myLog.print (myLog.py:42) -  NULL DATA
[2022-07-11 15:42:37,130] [3064] [INFO] - myLog.print (myLog.py:42) -  NULL DATA
[2022-07-11 15:42:42,181] [3064] [INFO] - myLog.print (myLog.py:42) -  NULL DATA
[2022-07-11 15:42:47,225] [3064] [INFO] - myLog.print (myLog.py:42) -  NULL DATA
[2022-07-11 15:42:52,330] [3064] [INFO] - myLog.print (myLog.py:42) -  NULL DATA
[2022-07-11 15:42:57,386] [3064] [INFO] - myLog.print (myLog.py:42) -  NULL DATA
[2022-07-11 15:43:02,444] [3064] [INFO] - myLog.print (myLog.py:42) -  NULL DATA
[2022-07-11 15:43:07,503] [3064] [INFO] - myLog.print (myLog.py:42) -  NULL DATA
[2022-07-11 15:43:12,616] [3064] [INFO] - myLog.print (myLog.py:42) -  NULL DATA
[2022-07-11 15:43:17,667] [3064] [INFO] - myLog.print (myLog.py:42) -  NULL DATA
[2022-07-11 15:43:22,734] [3064] [INFO] - myLog.print (myLog.py:42) -  NULL DATA
[2022-07-11 15:43:27,782] [3064] [INFO] - myLog.print (myLog.py:42) -  NULL DATA
[2022-07-11 15:43:32,838] [3064] [INFO] - myLog.print (myLog.py:42) -  NULL DATA
[2022-07-11 15:43:37,901] [3064] [INFO] - myLog.print (myLog.py:42) -  NULL DATA
[2022-07-11 15:43:42,980] [3064] [INFO] - myLog.print (myLog.py:42) -  NULL DATA
[2022-07-11 15:43:48,039] [3064] [INFO] - myLog.print (myLog.py:42) -  NULL DATA
[2022-07-11 15:43:53,094] [3064] [INFO] - myLog.print (myLog.py:42) -  NULL DATA
[2022-07-11 15:43:58,165] [3064] [INFO] - myLog.print (myLog.py:42) -  NULL DATA
[2022-07-11 15:44:03,234] [3064] [INFO] - myLog.print (myLog.py:42) -  NULL DATA
[2022-07-11 15:44:08,278] [3064] [INFO] - myLog.print (myLog.py:42) -  NULL DATA
[2022-07-11 15:44:13,347] [3064] [INFO] - myLog.print (myLog.py:42) -  NULL DATA
[2022-07-11 15:44:18,445] [3064] [INFO] - myLog.print (myLog.py:42) -  NULL DATA
[2022-07-11 15:44:23,501] [3064] [INFO] - myLog.print (myLog.py:42) -  NULL DATA
[2022-07-11 15:44:28,561] [3064] [INFO] - myLog.print (myLog.py:42) -  NULL DATA
[2022-07-11 15:44:33,602] [3064] [INFO] - myLog.print (myLog.py:42) -  NULL DATA
[2022-07-11 15:44:38,686] [3064] [INFO] - myLog.print (myLog.py:42) -  NULL DATA
[2022-07-11 15:44:43,749] [3064] [INFO] - myLog.print (myLog.py:42) -  NULL DATA
[2022-07-11 15:44:48,803] [3064] [INFO] - myLog.print (myLog.py:42) -  NULL DATA
[2022-07-11 15:44:53,864] [3064] [INFO] - myLog.print (myLog.py:42) -  NULL DATA
[2022-07-11 15:44:59,043] [3064] [INFO] - myLog.print (myLog.py:42) -  NULL DATA
[2022-07-11 15:45:04,089] [3064] [INFO] - myLog.print (myLog.py:42) -  NULL DATA
[2022-07-11 15:45:09,142] [3064] [INFO] - myLog.print (myLog.py:42) -  NULL DATA
[2022-07-11 15:45:14,191] [3064] [INFO] - myLog.print (myLog.py:42) -  NULL DATA
[2022-07-11 15:45:19,252] [3064] [INFO] - myLog.print (myLog.py:42) -  NULL DATA
[2022-07-11 15:45:24,312] [3064] [INFO] - myLog.print (myLog.py:42) -  NULL DATA
[2022-07-11 15:45:29,575] [3064] [INFO] - myLog.print (myLog.py:42) -  NULL DATA
[2022-07-11 15:45:34,634] [3064] [INFO] - myLog.print (myLog.py:42) -  NULL DATA
[2022-07-11 15:45:39,690] [3064] [INFO] - myLog.print (myLog.py:42) -  NULL DATA
[2022-07-11 15:45:44,755] [3064] [INFO] - myLog.print (myLog.py:42) -  NULL DATA
[2022-07-11 15:45:49,807] [3064] [INFO] - myLog.print (myLog.py:42) -  NULL DATA
[2022-07-11 15:45:54,847] [3064] [INFO] - myLog.print (myLog.py:42) -  NULL DATA
[2022-07-11 15:45:59,901] [3064] [INFO] - myLog.print (myLog.py:42) -  NULL DATA
[2022-07-11 15:46:04,957] [3064] [INFO] - myLog.print (myLog.py:42) -  NULL DATA
[2022-07-11 15:46:10,014] [3064] [INFO] - myLog.print (myLog.py:42) -  NULL DATA
[2022-07-11 15:46:15,072] [3064] [INFO] - myLog.print (myLog.py:42) -  NULL DATA
[2022-07-11 15:46:20,111] [3064] [INFO] - myLog.print (myLog.py:42) -  NULL DATA
[2022-07-11 15:46:25,224] [3064] [INFO] - myLog.print (myLog.py:42) -  NULL DATA
[2022-07-11 15:46:30,317] [3064] [INFO] - myLog.print (myLog.py:42) -  NULL DATA
[2022-07-11 15:46:35,373] [3064] [INFO] - myLog.print (myLog.py:42) -  NULL DATA
[2022-07-11 15:46:40,434] [3064] [INFO] - myLog.print (myLog.py:42) -  NULL DATA
[2022-07-11 15:46:45,483] [3064] [INFO] - myLog.print (myLog.py:42) -  NULL DATA
[2022-07-11 15:46:50,605] [3064] [INFO] - myLog.print (myLog.py:42) -  NULL DATA
[2022-07-11 15:46:55,670] [3064] [INFO] - myLog.print (myLog.py:42) -  NULL DATA
[2022-07-11 15:47:00,712] [3064] [INFO] - myLog.print (myLog.py:42) -  NULL DATA
[2022-07-11 15:47:05,756] [3064] [INFO] - myLog.print (myLog.py:42) -  NULL DATA
[2022-07-11 15:47:10,879] [3064] [INFO] - myLog.print (myLog.py:42) -  NULL DATA
[2022-07-11 15:47:15,956] [3064] [INFO] - myLog.print (myLog.py:42) -  NULL DATA
[2022-07-11 15:47:21,037] [3064] [INFO] - myLog.print (myLog.py:42) -  NULL DATA
[2022-07-11 15:47:26,101] [3064] [INFO] - myLog.print (myLog.py:42) -  NULL DATA
[2022-07-11 15:47:31,251] [3064] [INFO] - myLog.print (myLog.py:42) -  NULL DATA
[2022-07-11 15:47:36,548] [3064] [INFO] - myLog.print (myLog.py:42) -  NULL DATA
[2022-07-11 15:47:41,599] [3064] [INFO] - myLog.print (myLog.py:42) -  NULL DATA
[2022-07-11 15:47:46,686] [3064] [INFO] - myLog.print (myLog.py:42) -  NULL DATA
[2022-07-11 15:47:51,733] [3064] [INFO] - myLog.print (myLog.py:42) -  NULL DATA
[2022-07-11 15:47:56,817] [3064] [INFO] - myLog.print (myLog.py:42) -  NULL DATA
[2022-07-11 15:48:01,866] [3064] [INFO] - myLog.print (myLog.py:42) -  NULL DATA
[2022-07-11 15:48:06,958] [3064] [INFO] - myLog.print (myLog.py:42) -  NULL DATA
[2022-07-11 15:48:12,014] [3064] [INFO] - myLog.print (myLog.py:42) -  NULL DATA
[2022-07-11 15:48:17,066] [3064] [INFO] - myLog.print (myLog.py:42) -  NULL DATA
[2022-07-11 15:48:22,140] [3064] [INFO] - myLog.print (myLog.py:42) -  NULL DATA
[2022-07-11 15:48:27,194] [3064] [INFO] - myLog.print (myLog.py:42) -  NULL DATA
[2022-07-11 15:48:32,269] [3064] [INFO] - myLog.print (myLog.py:42) -  NULL DATA
[2022-07-11 15:48:37,378] [3064] [INFO] - myLog.print (myLog.py:42) -  NULL DATA
[2022-07-11 15:48:42,420] [3064] [INFO] - myLog.print (myLog.py:42) -  NULL DATA
[2022-07-11 15:48:47,480] [3064] [INFO] - myLog.print (myLog.py:42) -  NULL DATA
[2022-07-11 15:48:52,555] [3064] [INFO] - myLog.print (myLog.py:42) -  NULL DATA
[2022-07-11 15:48:57,606] [3064] [INFO] - myLog.print (myLog.py:42) -  NULL DATA
[2022-07-11 15:49:02,658] [3064] [INFO] - myLog.print (myLog.py:42) -  NULL DATA
[2022-07-11 15:49:07,697] [3064] [INFO] - myLog.print (myLog.py:42) -  NULL DATA
[2022-07-11 15:49:12,738] [3064] [INFO] - myLog.print (myLog.py:42) -  NULL DATA
[2022-07-11 15:49:17,800] [3064] [INFO] - myLog.print (myLog.py:42) -  NULL DATA
[2022-07-11 15:49:22,839] [3064] [INFO] - myLog.print (myLog.py:42) -  NULL DATA
[2022-07-11 15:49:27,895] [3064] [INFO] - myLog.print (myLog.py:42) -  NULL DATA
[2022-07-11 15:49:32,940] [3064] [INFO] - myLog.print (myLog.py:42) -  NULL DATA
[2022-07-11 15:49:37,999] [3064] [INFO] - myLog.print (myLog.py:42) -  NULL DATA
[2022-07-11 15:49:43,089] [3064] [INFO] - myLog.print (myLog.py:42) -  NULL DATA
[2022-07-11 15:49:48,139] [3064] [INFO] - myLog.print (myLog.py:42) -  NULL DATA
[2022-07-11 15:49:53,184] [3064] [INFO] - myLog.print (myLog.py:42) -  NULL DATA
[2022-07-11 15:49:58,225] [3064] [INFO] - myLog.print (myLog.py:42) -  NULL DATA
[2022-07-11 15:50:03,371] [3064] [INFO] - myLog.print (myLog.py:42) -  NULL DATA
[2022-07-11 15:50:08,422] [3064] [INFO] - myLog.print (myLog.py:42) -  NULL DATA
[2022-07-11 15:50:13,630] [3064] [INFO] - myLog.print (myLog.py:42) -  NULL DATA
[2022-07-11 15:50:18,695] [3064] [INFO] - myLog.print (myLog.py:42) -  NULL DATA
[2022-07-11 15:50:23,770] [3064] [INFO] - myLog.print (myLog.py:42) -  NULL DATA
[2022-07-11 15:50:28,820] [3064] [INFO] - myLog.print (myLog.py:42) -  NULL DATA
[2022-07-11 15:50:33,868] [3064] [INFO] - myLog.print (myLog.py:42) -  NULL DATA
[2022-07-11 15:50:38,925] [3064] [INFO] - myLog.print (myLog.py:42) -  NULL DATA
[2022-07-11 15:50:43,974] [3064] [INFO] - myLog.print (myLog.py:42) -  NULL DATA
[2022-07-11 15:50:49,021] [3064] [INFO] - myLog.print (myLog.py:42) -  NULL DATA
[2022-07-11 15:50:54,066] [3064] [INFO] - myLog.print (myLog.py:42) -  NULL DATA
[2022-07-11 15:50:59,120] [3064] [INFO] - myLog.print (myLog.py:42) -  NULL DATA
[2022-07-11 15:51:04,184] [3064] [INFO] - myLog.print (myLog.py:42) -  NULL DATA
[2022-07-11 15:51:09,243] [3064] [INFO] - myLog.print (myLog.py:42) -  NULL DATA
[2022-07-11 15:51:14,290] [3064] [INFO] - myLog.print (myLog.py:42) -  NULL DATA
[2022-07-11 15:51:19,342] [3064] [INFO] - myLog.print (myLog.py:42) -  NULL DATA
[2022-07-11 15:51:24,603] [3064] [INFO] - myLog.print (myLog.py:42) -  NULL DATA
[2022-07-11 15:51:29,643] [3064] [INFO] - myLog.print (myLog.py:42) -  NULL DATA
[2022-07-11 15:51:34,731] [3064] [INFO] - myLog.print (myLog.py:42) -  NULL DATA
[2022-07-11 15:51:39,785] [3064] [INFO] - myLog.print (myLog.py:42) -  NULL DATA
[2022-07-11 15:51:44,847] [3064] [INFO] - myLog.print (myLog.py:42) -  NULL DATA
[2022-07-11 15:51:49,897] [3064] [INFO] - myLog.print (myLog.py:42) -  NULL DATA
[2022-07-11 15:51:54,937] [3064] [INFO] - myLog.print (myLog.py:42) -  NULL DATA
[2022-07-11 15:51:59,986] [3064] [INFO] - myLog.print (myLog.py:42) -  NULL DATA
[2022-07-11 15:52:05,046] [3064] [INFO] - myLog.print (myLog.py:42) -  NULL DATA
[2022-07-11 15:52:10,086] [3064] [INFO] - myLog.print (myLog.py:42) -  NULL DATA
[2022-07-11 15:52:15,143] [3064] [INFO] - myLog.print (myLog.py:42) -  NULL DATA
[2022-07-11 15:52:20,225] [3064] [INFO] - myLog.print (myLog.py:42) -  NULL DATA
[2022-07-11 15:52:25,276] [3064] [INFO] - myLog.print (myLog.py:42) -  NULL DATA
[2022-07-11 15:52:30,356] [3064] [INFO] - myLog.print (myLog.py:42) -  NULL DATA
[2022-07-11 15:52:35,424] [3064] [INFO] - myLog.print (myLog.py:42) -  NULL DATA
[2022-07-11 15:52:40,480] [3064] [INFO] - myLog.print (myLog.py:42) -  NULL DATA
[2022-07-11 15:52:45,541] [3064] [INFO] - myLog.print (myLog.py:42) -  NULL DATA
[2022-07-11 15:52:50,589] [3064] [INFO] - myLog.print (myLog.py:42) -  NULL DATA
[2022-07-11 15:52:55,658] [3064] [INFO] - myLog.print (myLog.py:42) -  NULL DATA
[2022-07-11 15:53:00,719] [3064] [INFO] - myLog.print (myLog.py:42) -  NULL DATA
[2022-07-11 15:53:05,793] [3064] [INFO] - myLog.print (myLog.py:42) -  NULL DATA
[2022-07-11 15:53:10,845] [3064] [INFO] - myLog.print (myLog.py:42) -  NULL DATA
[2022-07-11 15:53:15,886] [3064] [INFO] - myLog.print (myLog.py:42) -  NULL DATA
[2022-07-11 15:53:20,950] [3064] [INFO] - myLog.print (myLog.py:42) -  NULL DATA
[2022-07-11 15:53:26,008] [3064] [INFO] - myLog.print (myLog.py:42) -  NULL DATA
[2022-07-11 15:53:31,136] [3064] [INFO] - myLog.print (myLog.py:42) -  NULL DATA
[2022-07-11 15:53:36,199] [3064] [INFO] - myLog.print (myLog.py:42) -  NULL DATA
[2022-07-11 15:53:41,239] [3064] [INFO] - myLog.print (myLog.py:42) -  NULL DATA
[2022-07-11 15:53:46,312] [3064] [INFO] - myLog.print (myLog.py:42) -  NULL DATA
[2022-07-11 15:53:51,403] [3064] [INFO] - myLog.print (myLog.py:42) -  NULL DATA
[2022-07-11 15:53:56,462] [3064] [INFO] - myLog.print (myLog.py:42) -  NULL DATA
[2022-07-11 15:54:01,507] [3064] [INFO] - myLog.print (myLog.py:42) -  NULL DATA
[2022-07-11 15:54:06,563] [3064] [INFO] - myLog.print (myLog.py:42) -  NULL DATA
[2022-07-11 15:54:11,615] [3064] [INFO] - myLog.print (myLog.py:42) -  NULL DATA
[2022-07-11 15:54:16,727] [3064] [INFO] - myLog.print (myLog.py:42) -  NULL DATA
[2022-07-11 15:54:21,779] [3064] [INFO] - myLog.print (myLog.py:42) -  NULL DATA
[2022-07-11 15:54:26,824] [3064] [INFO] - myLog.print (myLog.py:42) -  NULL DATA
[2022-07-11 15:54:31,914] [3064] [INFO] - myLog.print (myLog.py:42) -  NULL DATA
[2022-07-11 15:54:37,056] [3064] [INFO] - myLog.print (myLog.py:42) -  NULL DATA
[2022-07-11 15:54:42,102] [3064] [INFO] - myLog.print (myLog.py:42) -  NULL DATA
[2022-07-11 15:54:47,158] [3064] [INFO] - myLog.print (myLog.py:42) -  NULL DATA
[2022-07-11 15:54:52,736] [3064] [INFO] - myLog.print (myLog.py:42) -  NULL DATA
[2022-07-11 15:54:57,801] [3064] [INFO] - myLog.print (myLog.py:42) -  NULL DATA
[2022-07-11 15:55:02,864] [3064] [INFO] - myLog.print (myLog.py:42) -  NULL DATA
[2022-07-11 15:55:07,916] [3064] [INFO] - myLog.print (myLog.py:42) -  NULL DATA
[2022-07-11 15:55:13,017] [3064] [INFO] - myLog.print (myLog.py:42) -  NULL DATA
[2022-07-11 15:55:18,051] [3064] [INFO] - myLog.print (myLog.py:42) -  NULL DATA
[2022-07-11 15:55:23,117] [3064] [INFO] - myLog.print (myLog.py:42) -  NULL DATA
[2022-07-11 15:55:28,163] [3064] [INFO] - myLog.print (myLog.py:42) -  NULL DATA
[2022-07-11 15:55:33,215] [3064] [INFO] - myLog.print (myLog.py:42) -  NULL DATA
[2022-07-11 15:55:38,274] [3064] [INFO] - myLog.print (myLog.py:42) -  NULL DATA
[2022-07-11 15:55:43,320] [3064] [INFO] - myLog.print (myLog.py:42) -  NULL DATA
[2022-07-11 15:55:48,539] [3064] [INFO] - myLog.print (myLog.py:42) -  NULL DATA
[2022-07-11 15:55:53,586] [3064] [INFO] - myLog.print (myLog.py:42) -  NULL DATA
[2022-07-11 15:55:58,823] [3064] [INFO] - myLog.print (myLog.py:42) -  NULL DATA
[2022-07-11 15:56:03,877] [3064] [INFO] - myLog.print (myLog.py:42) -  NULL DATA
[2022-07-11 15:56:09,326] [3064] [INFO] - myLog.print (myLog.py:42) -  NULL DATA
[2022-07-11 15:56:14,376] [3064] [INFO] - myLog.print (myLog.py:42) -  NULL DATA
[2022-07-11 15:56:19,432] [3064] [INFO] - myLog.print (myLog.py:42) -  NULL DATA
[2022-07-11 15:56:24,474] [3064] [INFO] - myLog.print (myLog.py:42) -  NULL DATA
[2022-07-11 15:56:29,553] [3064] [INFO] - myLog.print (myLog.py:42) -  NULL DATA
[2022-07-11 15:56:34,608] [3064] [INFO] - myLog.print (myLog.py:42) -  NULL DATA
[2022-07-11 15:56:39,648] [3064] [INFO] - myLog.print (myLog.py:42) -  NULL DATA
[2022-07-11 15:56:44,711] [3064] [INFO] - myLog.print (myLog.py:42) -  NULL DATA
[2022-07-11 15:56:49,767] [3064] [INFO] - myLog.print (myLog.py:42) -  NULL DATA
[2022-07-11 15:56:54,818] [3064] [INFO] - myLog.print (myLog.py:42) -  NULL DATA
[2022-07-11 15:56:59,884] [3064] [INFO] - myLog.print (myLog.py:42) -  NULL DATA
[2022-07-11 15:57:05,022] [3064] [INFO] - myLog.print (myLog.py:42) -  NULL DATA
[2022-07-11 15:57:10,066] [3064] [INFO] - myLog.print (myLog.py:42) -  NULL DATA
[2022-07-11 15:57:15,127] [3064] [INFO] - myLog.print (myLog.py:42) -  NULL DATA
[2022-07-11 15:57:20,166] [3064] [INFO] - myLog.print (myLog.py:42) -  NULL DATA
[2022-07-11 15:57:25,220] [3064] [INFO] - myLog.print (myLog.py:42) -  NULL DATA
[2022-07-11 15:57:30,281] [3064] [INFO] - myLog.print (myLog.py:42) -  NULL DATA
[2022-07-11 15:57:35,360] [3064] [INFO] - myLog.print (myLog.py:42) -  NULL DATA
[2022-07-11 15:57:40,431] [3064] [INFO] - myLog.print (myLog.py:42) -  NULL DATA
[2022-07-11 15:57:45,480] [3064] [INFO] - myLog.print (myLog.py:42) -  NULL DATA
[2022-07-11 15:57:50,541] [3064] [INFO] - myLog.print (myLog.py:42) -  NULL DATA
[2022-07-11 15:57:55,609] [3064] [INFO] - myLog.print (myLog.py:42) -  NULL DATA
[2022-07-11 15:58:00,674] [3064] [INFO] - myLog.print (myLog.py:42) -  NULL DATA
[2022-07-11 15:58:05,739] [3064] [INFO] - myLog.print (myLog.py:42) -  NULL DATA
[2022-07-11 15:58:10,781] [3064] [INFO] - myLog.print (myLog.py:42) -  NULL DATA
[2022-07-11 15:58:16,003] [3064] [INFO] - myLog.print (myLog.py:42) -  NULL DATA
[2022-07-11 15:58:21,099] [3064] [INFO] - myLog.print (myLog.py:42) -  NULL DATA
[2022-07-11 15:58:26,229] [3064] [INFO] - myLog.print (myLog.py:42) -  NULL DATA
[2022-07-11 15:58:31,271] [3064] [INFO] - myLog.print (myLog.py:42) -  NULL DATA
[2022-07-11 15:58:36,355] [3064] [INFO] - myLog.print (myLog.py:42) -  NULL DATA
[2022-07-11 15:58:41,443] [3064] [INFO] - myLog.print (myLog.py:42) -  NULL DATA
[2022-07-11 15:58:46,489] [3064] [INFO] - myLog.print (myLog.py:42) -  NULL DATA
[2022-07-11 15:58:51,582] [3064] [INFO] - myLog.print (myLog.py:42) -  NULL DATA
[2022-07-11 15:58:56,644] [3064] [INFO] - myLog.print (myLog.py:42) -  NULL DATA
[2022-07-11 15:59:01,712] [3064] [INFO] - myLog.print (myLog.py:42) -  NULL DATA
[2022-07-11 15:59:06,779] [3064] [INFO] - myLog.print (myLog.py:42) -  NULL DATA
[2022-07-11 15:59:11,856] [3064] [INFO] - myLog.print (myLog.py:42) -  NULL DATA
[2022-07-11 15:59:16,900] [3064] [INFO] - myLog.print (myLog.py:42) -  NULL DATA
[2022-07-11 15:59:21,950] [3064] [INFO] - myLog.print (myLog.py:42) -  NULL DATA
[2022-07-11 15:59:27,016] [3064] [INFO] - myLog.print (myLog.py:42) -  NULL DATA
[2022-07-11 15:59:32,063] [3064] [INFO] - myLog.print (myLog.py:42) -  NULL DATA
[2022-07-11 15:59:37,115] [3064] [INFO] - myLog.print (myLog.py:42) -  NULL DATA
[2022-07-11 15:59:42,296] [3064] [INFO] - myLog.print (myLog.py:42) -  NULL DATA
[2022-07-11 15:59:47,347] [3064] [INFO] - myLog.print (myLog.py:42) -  NULL DATA
[2022-07-11 15:59:52,406] [3064] [INFO] - myLog.print (myLog.py:42) -  NULL DATA
[2022-07-11 15:59:57,458] [3064] [INFO] - myLog.print (myLog.py:42) -  NULL DATA
[2022-07-11 16:00:02,512] [3064] [INFO] - myLog.print (myLog.py:42) -  NULL DATA
[2022-07-11 16:00:07,568] [3064] [INFO] - myLog.print (myLog.py:42) -  NULL DATA
[2022-07-11 16:00:12,609] [3064] [INFO] - myLog.print (myLog.py:42) -  NULL DATA
[2022-07-11 16:00:17,664] [3064] [INFO] - myLog.print (myLog.py:42) -  NULL DATA
[2022-07-11 16:00:22,723] [3064] [INFO] - myLog.print (myLog.py:42) -  NULL DATA
[2022-07-11 16:00:27,780] [3064] [INFO] - myLog.print (myLog.py:42) -  NULL DATA
[2022-07-11 16:00:32,844] [3064] [INFO] - myLog.print (myLog.py:42) -  NULL DATA
[2022-07-11 16:00:37,895] [3064] [INFO] - myLog.print (myLog.py:42) -  NULL DATA
[2022-07-11 16:00:42,958] [3064] [INFO] - myLog.print (myLog.py:42) -  NULL DATA
[2022-07-11 16:00:48,039] [3064] [INFO] - myLog.print (myLog.py:42) -  NULL DATA
[2022-07-11 16:00:53,075] [3064] [INFO] - myLog.print (myLog.py:42) -  NULL DATA
[2022-07-11 16:00:58,138] [3064] [INFO] - myLog.print (myLog.py:42) -  NULL DATA
[2022-07-11 16:01:03,222] [3064] [INFO] - myLog.print (myLog.py:42) -  NULL DATA
[2022-07-11 16:01:08,311] [3064] [INFO] - myLog.print (myLog.py:42) -  NULL DATA
[2022-07-11 16:01:13,364] [3064] [INFO] - myLog.print (myLog.py:42) -  NULL DATA
[2022-07-11 16:01:18,425] [3064] [INFO] - myLog.print (myLog.py:42) -  NULL DATA
[2022-07-11 16:01:23,488] [3064] [INFO] - myLog.print (myLog.py:42) -  NULL DATA
[2022-07-11 16:01:29,000] [3064] [INFO] - myLog.print (myLog.py:42) -  result: 10 0 441801D11D s1OpVb02ujTGS80wzjDPNM4= OK
[2022-07-11 16:01:29,349] [3064] [INFO] - myLog.print (myLog.py:42) -  result: 11 1 422301A11D s1OpVb02ujTGS80wzjDPNM4= NOK
[2022-07-11 16:01:29,534] [3064] [INFO] - myLog.print (myLog.py:42) -  NULL DATA
[2022-07-11 16:01:34,592] [3064] [INFO] - myLog.print (myLog.py:42) -  NULL DATA
[2022-07-11 16:01:39,634] [3064] [INFO] - myLog.print (myLog.py:42) -  NULL DATA
[2022-07-11 16:01:44,713] [3064] [INFO] - myLog.print (myLog.py:42) -  NULL DATA
[2022-07-11 16:01:49,775] [3064] [INFO] - myLog.print (myLog.py:42) -  NULL DATA
[2022-07-11 16:01:54,828] [3064] [INFO] - myLog.print (myLog.py:42) -  NULL DATA
[2022-07-11 16:01:59,888] [3064] [INFO] - myLog.print (myLog.py:42) -  NULL DATA
[2022-07-11 16:02:05,127] [3064] [INFO] - myLog.print (myLog.py:42) -  result: 9 -1 441801A11D s1OpVb02ujTGS80wzjDPNM4= NOK
[2022-07-11 16:02:05,516] [3064] [INFO] - myLog.print (myLog.py:42) -  result: 10 0 441801D11D s1OpVb02ujTGS80wzjDPNM4= OK
[2022-07-11 16:02:05,856] [3064] [INFO] - myLog.print (myLog.py:42) -  result: 11 1 422301A11D s1OpVb02ujTGS80wzjDPNM4= NOK
[2022-07-11 16:02:06,047] [3064] [INFO] - myLog.print (myLog.py:42) -  NULL DATA
[2022-07-11 16:02:11,096] [3064] [INFO] - myLog.print (myLog.py:42) -  NULL DATA
[2022-07-11 16:02:16,158] [3064] [INFO] - myLog.print (myLog.py:42) -  NULL DATA
[2022-07-11 16:02:21,258] [3064] [INFO] - myLog.print (myLog.py:42) -  NULL DATA
[2022-07-11 16:02:26,302] [3064] [INFO] - myLog.print (myLog.py:42) -  NULL DATA
[2022-07-11 16:02:31,353] [3064] [INFO] - myLog.print (myLog.py:42) -  NULL DATA
[2022-07-11 16:02:36,421] [3064] [INFO] - myLog.print (myLog.py:42) -  NULL DATA
[2022-07-11 16:02:41,478] [3064] [INFO] - myLog.print (myLog.py:42) -  NULL DATA
[2022-07-11 16:02:46,528] [3064] [INFO] - myLog.print (myLog.py:42) -  NULL DATA
[2022-07-11 16:02:51,571] [3064] [INFO] - myLog.print (myLog.py:42) -  NULL DATA
[2022-07-11 16:02:56,896] [3064] [INFO] - myLog.print (myLog.py:42) -  NULL DATA
[2022-07-11 16:03:01,948] [3064] [INFO] - myLog.print (myLog.py:42) -  NULL DATA
[2022-07-11 16:03:07,004] [3064] [INFO] - myLog.print (myLog.py:42) -  NULL DATA
[2022-07-11 16:03:12,068] [3064] [INFO] - myLog.print (myLog.py:42) -  NULL DATA
[2022-07-11 16:03:17,274] [3064] [INFO] - myLog.print (myLog.py:42) -  result: 9 -1 441801A11D s1OpVb02ujTGS80wzjDPNM4= NOK
[2022-07-11 16:03:17,655] [3064] [INFO] - myLog.print (myLog.py:42) -  result: 10 0 441801D11D s1OpVb02ujTGS80wzjDPNM4= OK
[2022-07-11 16:03:18,186] [3064] [INFO] - myLog.print (myLog.py:42) -  result: 11 1 422301A11D s1OpVb02ujTGS80wzjDPNM4= NOK
[2022-07-11 16:03:18,377] [3064] [INFO] - myLog.print (myLog.py:42) -  NULL DATA
[2022-07-11 16:03:23,514] [3064] [INFO] - myLog.print (myLog.py:42) -  NULL DATA
[2022-07-11 16:03:28,564] [3064] [INFO] - myLog.print (myLog.py:42) -  NULL DATA
[2022-07-11 16:03:33,614] [3064] [INFO] - myLog.print (myLog.py:42) -  NULL DATA
[2022-07-11 16:03:38,654] [3064] [INFO] - myLog.print (myLog.py:42) -  NULL DATA
[2022-07-11 16:03:43,718] [3064] [INFO] - myLog.print (myLog.py:42) -  NULL DATA
[2022-07-11 16:03:48,760] [3064] [INFO] - myLog.print (myLog.py:42) -  NULL DATA
[2022-07-11 16:03:53,804] [3064] [INFO] - myLog.print (myLog.py:42) -  NULL DATA
[2022-07-11 16:03:58,854] [3064] [INFO] - myLog.print (myLog.py:42) -  NULL DATA
[2022-07-11 16:04:03,911] [3064] [INFO] - myLog.print (myLog.py:42) -  NULL DATA
[2022-07-11 16:04:08,968] [3064] [INFO] - myLog.print (myLog.py:42) -  NULL DATA
[2022-07-11 16:04:14,179] [3064] [INFO] - myLog.print (myLog.py:42) -  result: 9 -1 441801A11D s1OpVb02ujTGS80wzjDPNM4= NOK
[2022-07-11 16:04:14,596] [3064] [INFO] - myLog.print (myLog.py:42) -  result: 10 0 441801D11D s1OpVb02ujTGS80wzjDPNM4= OK
[2022-07-11 16:04:14,954] [3064] [INFO] - myLog.print (myLog.py:42) -  result: 11 1 422301A11D s1OpVb02ujTGS80wzjDPNM4= NOK
[2022-07-11 16:04:15,139] [3064] [INFO] - myLog.print (myLog.py:42) -  NULL DATA
[2022-07-11 16:04:20,189] [3064] [INFO] - myLog.print (myLog.py:42) -  NULL DATA
[2022-07-11 16:04:25,361] [3064] [INFO] - myLog.print (myLog.py:42) -  result: 9 -1 441801A11D s1OpVb02ujTGS80wzjDPNM4= NOK
[2022-07-11 16:04:25,660] [3064] [INFO] - myLog.print (myLog.py:42) -  result: 10 0 441801D11D s1OpVb02ujTGS80wzjDPNM4= OK
[2022-07-11 16:04:26,001] [3064] [INFO] - myLog.print (myLog.py:42) -  result: 11 1 422301A11D s1OpVb02ujTGS80wzjDPNM4= NOK
[2022-07-11 16:04:26,181] [3064] [INFO] - myLog.print (myLog.py:42) -  NULL DATA
[2022-07-11 16:04:31,288] [3064] [INFO] - myLog.print (myLog.py:42) -  NULL DATA
[2022-07-11 16:04:36,363] [3064] [INFO] - myLog.print (myLog.py:42) -  NULL DATA
[2022-07-11 16:04:41,413] [3064] [INFO] - myLog.print (myLog.py:42) -  NULL DATA
[2022-07-11 16:04:46,478] [3064] [INFO] - myLog.print (myLog.py:42) -  NULL DATA
[2022-07-11 16:04:51,549] [3064] [INFO] - myLog.print (myLog.py:42) -  NULL DATA
[2022-07-11 16:04:57,509] [3064] [INFO] - myLog.print (myLog.py:42) -  result: 11 1 422301A11D s1OpVb02ujTGS80wzjDPNM4= NOK
[2022-07-11 16:04:58,504] [3064] [INFO] - myLog.print (myLog.py:42) -  NULL DATA
[2022-07-11 16:05:03,566] [3064] [INFO] - myLog.print (myLog.py:42) -  NULL DATA
[2022-07-11 16:05:08,634] [3064] [INFO] - myLog.print (myLog.py:42) -  NULL DATA
[2022-07-11 16:05:13,720] [3064] [INFO] - myLog.print (myLog.py:42) -  NULL DATA
[2022-07-11 16:05:18,769] [3064] [INFO] - myLog.print (myLog.py:42) -  NULL DATA
[2022-07-11 16:05:23,825] [3064] [INFO] - myLog.print (myLog.py:42) -  NULL DATA
[2022-07-11 16:05:28,878] [3064] [INFO] - myLog.print (myLog.py:42) -  NULL DATA
[2022-07-11 16:05:33,934] [3064] [INFO] - myLog.print (myLog.py:42) -  NULL DATA
[2022-07-11 16:05:38,993] [3064] [INFO] - myLog.print (myLog.py:42) -  NULL DATA
[2022-07-11 16:05:44,251] [3064] [INFO] - myLog.print (myLog.py:42) -  result: 9 -1 441801A11D s1OpVb02ujTGS80wzjDPNM4= NOK
[2022-07-11 16:05:44,630] [3064] [INFO] - myLog.print (myLog.py:42) -  result: 10 0 441801D11D s1OpVb02ujTGS80wzjDPNM4= OK
[2022-07-11 16:05:44,959] [3064] [INFO] - myLog.print (myLog.py:42) -  result: 11 1 422301A11D s1OpVb02ujTGS80wzjDPNM4= NOK
[2022-07-11 16:05:45,134] [3064] [INFO] - myLog.print (myLog.py:42) -  NULL DATA
[2022-07-11 16:05:50,201] [3064] [INFO] - myLog.print (myLog.py:42) -  NULL DATA
[2022-07-11 16:05:55,412] [3064] [INFO] - myLog.print (myLog.py:42) -  result: 9 -1 441801A11D s1OpVb02ujTGS80wzjDPNM4= NOK
[2022-07-11 16:05:55,696] [3064] [INFO] - myLog.print (myLog.py:42) -  result: 10 0 441801D11D s1OpVb02ujTGS80wzjDPNM4= OK
[2022-07-11 16:05:55,998] [3064] [INFO] - myLog.print (myLog.py:42) -  result: 11 1 422301A11D s1OpVb02ujTGS80wzjDPNM4= NOK
[2022-07-11 16:05:56,165] [3064] [INFO] - myLog.print (myLog.py:42) -  NULL DATA
[2022-07-11 16:06:01,232] [3064] [INFO] - myLog.print (myLog.py:42) -  NULL DATA
[2022-07-11 16:06:06,290] [3064] [INFO] - myLog.print (myLog.py:42) -  NULL DATA
[2022-07-11 16:06:11,343] [3064] [INFO] - myLog.print (myLog.py:42) -  NULL DATA
[2022-07-11 16:06:16,418] [3064] [INFO] - myLog.print (myLog.py:42) -  NULL DATA
[2022-07-11 16:06:21,496] [3064] [INFO] - myLog.print (myLog.py:42) -  NULL DATA
[2022-07-11 16:06:26,551] [3064] [INFO] - myLog.print (myLog.py:42) -  NULL DATA
[2022-07-11 16:06:31,602] [3064] [INFO] - myLog.print (myLog.py:42) -  NULL DATA
[2022-07-11 16:06:36,686] [3064] [INFO] - myLog.print (myLog.py:42) -  NULL DATA
[2022-07-11 16:06:41,734] [3064] [INFO] - myLog.print (myLog.py:42) -  NULL DATA
[2022-07-11 16:06:46,884] [3064] [INFO] - myLog.print (myLog.py:42) -  NULL DATA
[2022-07-11 16:06:51,942] [3064] [INFO] - myLog.print (myLog.py:42) -  NULL DATA
[2022-07-11 16:06:57,145] [3064] [INFO] - myLog.print (myLog.py:42) -  result: 9 -1 441801A11D s1OpVb02ujTGS80wzjDPNM4= NOK
[2022-07-11 16:06:57,495] [3064] [INFO] - myLog.print (myLog.py:42) -  result: 10 0 441801D11D s1OpVb02ujTGS80wzjDPNM4= OK
[2022-07-11 16:06:58,141] [3064] [INFO] - myLog.print (myLog.py:42) -  result: 11 1 422301A11D s1OpVb02ujTGS80wzjDPNM4= NOK
[2022-07-11 16:06:59,069] [3064] [INFO] - myLog.print (myLog.py:42) -  NULL DATA
[2022-07-11 16:07:04,138] [3064] [INFO] - myLog.print (myLog.py:42) -  NULL DATA
[2022-07-11 16:07:09,182] [3064] [INFO] - myLog.print (myLog.py:42) -  NULL DATA
[2022-07-11 16:07:14,262] [3064] [INFO] - myLog.print (myLog.py:42) -  NULL DATA
[2022-07-11 16:07:19,330] [3064] [INFO] - myLog.print (myLog.py:42) -  NULL DATA
[2022-07-11 16:07:24,542] [3064] [INFO] - myLog.print (myLog.py:42) -  result: 9 -1 441801A11D s1OpVb02ujTGS80wzjDPNM4= NOK
[2022-07-11 16:07:24,855] [3064] [INFO] - myLog.print (myLog.py:42) -  result: 10 0 441801D11D s1OpVb02ujTGS80wzjDPNM4= OK
[2022-07-11 16:07:25,169] [3064] [INFO] - myLog.print (myLog.py:42) -  result: 11 1 422301A11D s1OpVb02ujTGS80wzjDPNM4= NOK
[2022-07-11 16:07:25,383] [3064] [INFO] - myLog.print (myLog.py:42) -  NULL DATA
[2022-07-11 16:07:30,438] [3064] [INFO] - myLog.print (myLog.py:42) -  NULL DATA
[2022-07-11 16:07:35,499] [3064] [INFO] - myLog.print (myLog.py:42) -  NULL DATA
[2022-07-11 16:07:40,598] [3064] [INFO] - myLog.print (myLog.py:42) -  NULL DATA
[2022-07-11 16:07:45,650] [3064] [INFO] - myLog.print (myLog.py:42) -  NULL DATA
[2022-07-11 16:07:50,697] [3064] [INFO] - myLog.print (myLog.py:42) -  NULL DATA
[2022-07-11 16:07:55,752] [3064] [INFO] - myLog.print (myLog.py:42) -  NULL DATA
[2022-07-11 16:08:00,914] [3064] [INFO] - myLog.print (myLog.py:42) -  NULL DATA
[2022-07-11 16:08:05,961] [3064] [INFO] - myLog.print (myLog.py:42) -  NULL DATA
[2022-07-11 16:08:11,012] [3064] [INFO] - myLog.print (myLog.py:42) -  NULL DATA
[2022-07-11 16:08:16,081] [3064] [INFO] - myLog.print (myLog.py:42) -  NULL DATA
[2022-07-11 16:08:21,145] [3064] [INFO] - myLog.print (myLog.py:42) -  NULL DATA
[2022-07-11 16:08:26,193] [3064] [INFO] - myLog.print (myLog.py:42) -  NULL DATA
[2022-07-11 16:08:31,239] [3064] [INFO] - myLog.print (myLog.py:42) -  NULL DATA
[2022-07-11 16:08:36,322] [3064] [INFO] - myLog.print (myLog.py:42) -  NULL DATA
[2022-07-11 16:08:41,395] [3064] [INFO] - myLog.print (myLog.py:42) -  NULL DATA
[2022-07-11 16:08:46,802] [3064] [INFO] - myLog.print (myLog.py:42) -  NULL DATA
[2022-07-11 16:08:51,865] [3064] [INFO] - myLog.print (myLog.py:42) -  NULL DATA
[2022-07-11 16:08:57,044] [3064] [INFO] - myLog.print (myLog.py:42) -  NULL DATA
[2022-07-11 16:09:02,260] [3064] [INFO] - myLog.print (myLog.py:42) -  NULL DATA
[2022-07-11 16:09:07,366] [3064] [INFO] - myLog.print (myLog.py:42) -  NULL DATA
[2022-07-11 16:09:12,437] [3064] [INFO] - myLog.print (myLog.py:42) -  NULL DATA
[2022-07-11 16:09:17,493] [3064] [INFO] - myLog.print (myLog.py:42) -  NULL DATA
[2022-07-11 16:09:22,560] [3064] [INFO] - myLog.print (myLog.py:42) -  NULL DATA
[2022-07-11 16:09:27,615] [3064] [INFO] - myLog.print (myLog.py:42) -  NULL DATA
[2022-07-11 16:09:32,672] [3064] [INFO] - myLog.print (myLog.py:42) -  NULL DATA
[2022-07-11 16:09:37,738] [3064] [INFO] - myLog.print (myLog.py:42) -  NULL DATA
[2022-07-11 16:09:42,821] [3064] [INFO] - myLog.print (myLog.py:42) -  NULL DATA
[2022-07-11 16:09:47,872] [3064] [INFO] - myLog.print (myLog.py:42) -  NULL DATA
[2022-07-11 16:09:52,923] [3064] [INFO] - myLog.print (myLog.py:42) -  NULL DATA
[2022-07-11 16:09:57,964] [3064] [INFO] - myLog.print (myLog.py:42) -  NULL DATA
[2022-07-11 16:10:03,008] [3064] [INFO] - myLog.print (myLog.py:42) -  NULL DATA
[2022-07-11 16:10:08,055] [3064] [INFO] - myLog.print (myLog.py:42) -  NULL DATA
[2022-07-11 16:10:13,134] [3064] [INFO] - myLog.print (myLog.py:42) -  NULL DATA
